2024-09-23 10:29:43.979903 => CR.3dee05de652c3326e5d540de2d703a5388de81f0c4518478425f0549d875217b
2024-09-23 10:29:47.671630 => CR.3dee05de652c3326e5d540de2d703a5388de81f0c4518478425f0549d875217b
2024-09-23 10:29:51.268817 => CR.3dee05de652c3326e5d540de2d703a5388de81f0c4518478425f0549d875217b
2024-09-23 12:58:01.779675 => 6e5d540de2d703a5388de81f0c4518478425f0549d875217b
2024-09-23 12:58:12.737614 => CR.3dee05de652c3326e5d540de2d703a5388de81f0c4518478425f0549d875217b
2024-09-23 12:58:20.026568 => CR.3dee05de652c3326e5d540de2d703a5388de81f0c4518478425f0549d875217b
2024-09-23 12:58:23.512532 => CR.3dee05de652c3326e5d540de2d703a5388de81f0c4518478425f0549d875217b
2024-09-23 12:58:24.645412 => CR.3dee05de652c3326e5d540de2d703a5388de81f0c4518478425f0549d875217b
2024-09-23 12:58:27.518443 => CR.3dee05de652c3326e5d540de2d703a5388de81f0c4518478425f0549d875217b
2024-09-23 12:58:35.964333 => CR.3dee05de652c3326e5d540de2d703a5388de81f0c4518478425f0549d875217b
2024-09-23 12:58:38.129076 => CR.3dee05de652c3326e5d540de2d703a5388de81f0c4518478425f0549d875217b
2024-09-24 08:55:34.756530 => CR.3dee05de652c3326e5d540de2d703a5388de81f0c4518478425f0549d875217b
2024-09-24 08:55:40.988683 => CR.3dee05de652c3326e5d540de2d703a5388de81f0c4518478425f0549d875217b
2024-09-24 09:06:40.312394 => 40de2d703a5388de81f0c4518478425f0549d875217b
2024-09-24 09:06:41.786308 => CR.3dee05de652c3326e5d540de2d703a5388de81f0c4518478425f0549d875217b
2024-09-24 09:06:45.083983 => CR.3dee05de652c3326e5d540de2d703a5388de81f0c4518478425f0549d875217b
2024-09-24 09:06:46.334716 => CR.3dee05de652c3326e5d540de2d703a5388de81f0c4518478425f0549d875217b
2024-09-24 09:06:47.591840 => CR.3dee05de652c3326e5d540de2d703a5388de81f0c4518478425f0549d875217b
2024-09-24 09:06:49.021799 => CR.3dee05de652c3326e5d540de2d703a5388de81f0c4518478425f0549d875217b
2024-09-24 09:32:09.671888 => CR.3dee05de652c3326e5d540de2d703a5388de81f0c4518478425f0549d875217b
2024-09-24 09:32:13.502906 => CR.3dee05de652c3326e5d540de2d703a5388de81f0c4518478425f0549d875217b
2024-09-24 10:12:06.968650 => CR.3dee05de652c3326e5d540de2d703a5388de81f0c4518478425f0549d875217b
2024-09-24 10:12:14.336541 => CR.3dee05de652c3326e5d540de2d703a5388de81f0c4518478425f0549d875217b
2024-09-24 10:12:18.576484 => CR.3dee05de652c3326e5d540de2d703a5388de81f0c4518478425f0549d875217b
2024-09-24 10:12:22.583278 => 3dee05de652c3326e5d540de2d703a5388de81f0c4518478425f0549d875217b
2024-09-24 10:12:28.428305 => CR.3dee05de652c3326e5d540de2d703a5388de81f0c4518478425f0549d875217b
2024-09-24 11:37:18.028654 => CR.3dee05de652c3326e5d540de2d703a5388de81f0c4518478425f0549d875217b
2024-09-24 11:37:44.361210 => CR.3dee05de652c3326e5d540de2d703a5388de81f0c4518478425f0549d875217b
2024-09-24 11:37:54.846997 => CR.3dee05de652c3326e5d540de2d703a5388de81f0c4518478425f0549d875217b
2024-09-24 12:21:39.309802 => CR.3dee05de652c3326e5d540de2d703a5388de81f0c4518478425f0549d875217b
2024-09-24 12:36:11.612254 => CR.3dee05de652c3326e5d540de2d703a5388de81f0c4518478425f0549d875217b
2024-09-24 12:37:15.447160 => CR.3dee05de652c3326e5d540de2d703a5388de81f0c4518478425f0549d875217b
2024-09-24 12:38:32.898885 => CR.3dee05de652c3326e5d540de2d703a5388de81f0c4518478425f0549d875217b
2024-09-24 12:38:39.677698 => CR.3dee05de652c3326e5d540de2d703a5388de81f0c4518478425f0549d875217b
2024-09-24 12:38:44.065598 => CR.3dee05de652c3326e5d540de2d703a5388de81f0c4518478425f0549d875217b
2024-09-24 12:38:47.836482 => CR.3dee05de652c3326e5d540de2d703a5388de81f0c4518478425f0549d875217b
2024-09-24 12:38:51.356410 => CR.3dee05de652c3326e5d540de2d703a5388de81f0c4518478425f0549d875217b
2024-09-24 12:38:58.268387 => CR.3dee05de652c3326e5d540de2d703a5388de81f0c4518478425f0549d875217b
2024-09-24 12:41:45.280273 => CR.3dee05de652c3326e5d540de2d703a5388de81f0c4518478425f0549d875217b
2024-09-24 15:26:34.384393 => CR.3dee05de652c3326e5d540de2d703a5388de81f0c4518478425f0549d875217b
2024-09-25 13:53:50.616579 => CR.3dee05de652c3326e5d540de2d703a5388de81f0c4518478425f0549d875217b
2024-09-25 13:53:57.532364 => CR.3dee05de652c3326e5d540de2d703a5388de81f0c4518478425f0549d875217b
2024-09-25 13:54:12.032156 => CR.3dee05de652c3326e5d540de2d703a5388de81f0c4518478425f0549d875217b
2024-09-25 14:01:41.906084 => CR.3dee05de652c3326e5d540de2d703a5388de81f0c4518478425f0549d875217b
2024-09-25 14:01:49.266820 => CR.3dee05de652c3326e5d540de2d703a5388de81f0c4518478425f0549d875217b
2024-09-25 15:10:42.071684 => CR.08ed2c7cb496c0e8b857254f0b0ff6f78476de0ca0a7df2db22a0e33b74cdd65
2024-09-25 15:17:11.661833 => CR.08ed2c7cb496c0e8b857254f0b0ff6f78476de0ca0a7df2db22a0e33b74cdd65
2024-09-25 15:17:17.451545 => CR.3dee05de652c3326e5d540de2d703a5388de81f0c4518478425f0549d875217b
2024-09-26 13:00:24.923163 => CR.3dee05de652c3326e5d540de2d703a5388de81f0c4518478425f0549d875217b
2024-09-26 13:00:31.160989 => CR.08ed2c7cb496c0e8b857254f0b0ff6f78476de0ca0a7df2db22a0e33b74cdd65
2024-09-26 13:32:39.257285 => Launching Chrome2024-09-26 13:32:57.346209 => CR.08ed2c7cb496c0e8b857254f0b0ff6f78476de0ca0a7df2db22a0e33b74cdd65
2024-09-26 13:34:19.565921 => Launching Chrome
2024-09-26 13:34:32.576762 => CR.08ed2c7cb496c0e8b857254f0b0ff6f78476de0ca0a7df2db22a0e33b74cdd65
2024-09-26 13:34:35.813629 => CR.08ed2c7cb496c0e8b857254f0b0ff6f78476de0ca0a7df2db22a0e33b74cdd65
2024-09-26 13:34:37.705651 => CR.08ed2c7cb496c0e8b857254f0b0ff6f78476de0ca0a7df2db22a0e33b74cdd65
2024-09-26 13:34:38.656628 => CR.08ed2c7cb496c0e8b857254f0b0ff6f78476de0ca0a7df2db22a0e33b74cdd65
2024-09-26 15:00:55.668157 => Launching Chrome
2024-09-26 15:51:58.582361 => Launching Chrome Display=:0 
2024-09-26 15:52:21.756034 => CR.08ed2c7cb496c0e8b857254f0b0ff6f78476de0ca0a7df2db22a0e33b74cdd65
2024-09-26 15:52:24.578902 => CR.08ed2c7cb496c0e8b857254f0b0ff6f78476de0ca0a7df2db22a0e33b74cdd65
2024-09-26 15:52:27.234909 => CR.08ed2c7cb496c0e8b857254f0b0ff6f78476de0ca0a7df2db22a0e33b74cdd65
2024-09-26 15:57:16.607595 => Launching Chrome Display=:0 
2024-09-26 15:57:35.688222 => CR.3dee05de652c3326e5d540de2d703a5388de81f0c4518478425f0549d875217b
2024-09-26 16:02:21.116575 => Launching Chrome Display=:0 
2024-09-26 16:14:03.556773 => Launching Chrome Display=:0 
